<?xml version="1.0" encoding="UTF-8"?>
<testsuite xmlns:xsi="http://www.w3.org/2001/XMLSchema-instance" xsi:noNamespaceSchemaLocation="https://maven.apache.org/surefire/maven-surefire-plugin/xsd/surefire-test-report.xsd" name="com.digipay.AppTest" time="0.023" tests="1" errors="0" skipped="0" failures="0">
  <properties>
    <property name="java.specification.version" value="17"/>
    <property name="sun.jnu.encoding" value="UTF-8"/>
    <property name="java.class.path" value="/home/mahzad/Downloads/usermanagement_33a41617-7a9c-4472-8f70-6664aa31b2e5/usermanagement/target/test-classes:/home/mahzad/Downloads/usermanagement_33a41617-7a9c-4472-8f70-6664aa31b2e5/usermanagement/target/classes:/home/mahzad/.m2/repository/junit/junit/4.11/junit-4.11.jar:/home/mahzad/.m2/repository/org/hamcrest/hamcrest-core/1.3/hamcrest-core-1.3.jar:/home/mahzad/.m2/repository/com/mysql/mysql-connector-j/8.0.31/mysql-connector-j-8.0.31.jar:/home/mahzad/.m2/repository/com/google/protobuf/protobuf-java/3.19.4/protobuf-java-3.19.4.jar:/home/mahzad/.m2/repository/org/hibernate/orm/hibernate-core/6.1.5.Final/hibernate-core-6.1.5.Final.jar:/home/mahzad/.m2/repository/jakarta/persistence/jakarta.persistence-api/3.0.0/jakarta.persistence-api-3.0.0.jar:/home/mahzad/.m2/repository/jakarta/transaction/jakarta.transaction-api/2.0.0/jakarta.transaction-api-2.0.0.jar:/home/mahzad/.m2/repository/org/jboss/logging/jboss-logging/3.4.3.Final/jboss-logging-3.4.3.Final.jar:/home/mahzad/.m2/repository/org/hibernate/common/hibernate-commons-annotations/6.0.2.Final/hibernate-commons-annotations-6.0.2.Final.jar:/home/mahzad/.m2/repository/org/jboss/jandex/2.4.2.Final/jandex-2.4.2.Final.jar:/home/mahzad/.m2/repository/com/fasterxml/classmate/1.5.1/classmate-1.5.1.jar:/home/mahzad/.m2/repository/net/bytebuddy/byte-buddy/1.12.18/byte-buddy-1.12.18.jar:/home/mahzad/.m2/repository/jakarta/xml/bind/jakarta.xml.bind-api/3.0.1/jakarta.xml.bind-api-3.0.1.jar:/home/mahzad/.m2/repository/com/sun/activation/jakarta.activation/2.0.1/jakarta.activation-2.0.1.jar:/home/mahzad/.m2/repository/org/glassfish/jaxb/jaxb-runtime/3.0.2/jaxb-runtime-3.0.2.jar:/home/mahzad/.m2/repository/org/glassfish/jaxb/jaxb-core/3.0.2/jaxb-core-3.0.2.jar:/home/mahzad/.m2/repository/org/glassfish/jaxb/txw2/3.0.2/txw2-3.0.2.jar:/home/mahzad/.m2/repository/com/sun/istack/istack-commons-runtime/4.0.1/istack-commons-runtime-4.0.1.jar:/home/mahzad/.m2/repository/jakarta/inject/jakarta.inject-api/2.0.0/jakarta.inject-api-2.0.0.jar:/home/mahzad/.m2/repository/org/antlr/antlr4-runtime/4.10.1/antlr4-runtime-4.10.1.jar:/home/mahzad/.m2/repository/ch/qos/logback/logback-classic/1.4.4/logback-classic-1.4.4.jar:/home/mahzad/.m2/repository/ch/qos/logback/logback-core/1.4.4/logback-core-1.4.4.jar:/home/mahzad/.m2/repository/org/slf4j/slf4j-api/2.0.1/slf4j-api-2.0.1.jar:"/>
    <property name="java.vm.vendor" value="Oracle Corporation"/>
    <property name="sun.arch.data.model" value="64"/>
    <property name="java.vendor.url" value="https://java.oracle.com/"/>
    <property name="os.name" value="Linux"/>
    <property name="java.vm.specification.version" value="17"/>
    <property name="sun.java.launcher" value="SUN_STANDARD"/>
    <property name="user.country" value="GB"/>
    <property name="sun.boot.library.path" value="/opt/jdk-17.0.2/lib"/>
    <property name="sun.java.command" value="/home/mahzad/Downloads/usermanagement_33a41617-7a9c-4472-8f70-6664aa31b2e5/usermanagement/target/surefire/surefirebooter16052016420625044247.jar /home/mahzad/Downloads/usermanagement_33a41617-7a9c-4472-8f70-6664aa31b2e5/usermanagement/target/surefire 2022-11-25T12-48-41_072-jvmRun1 surefire5074940723446771804tmp surefire_014380586961313908771tmp"/>
    <property name="jdk.debug" value="release"/>
    <property name="surefire.test.class.path" value="/home/mahzad/Downloads/usermanagement_33a41617-7a9c-4472-8f70-6664aa31b2e5/usermanagement/target/test-classes:/home/mahzad/Downloads/usermanagement_33a41617-7a9c-4472-8f70-6664aa31b2e5/usermanagement/target/classes:/home/mahzad/.m2/repository/junit/junit/4.11/junit-4.11.jar:/home/mahzad/.m2/repository/org/hamcrest/hamcrest-core/1.3/hamcrest-core-1.3.jar:/home/mahzad/.m2/repository/com/mysql/mysql-connector-j/8.0.31/mysql-connector-j-8.0.31.jar:/home/mahzad/.m2/repository/com/google/protobuf/protobuf-java/3.19.4/protobuf-java-3.19.4.jar:/home/mahzad/.m2/repository/org/hibernate/orm/hibernate-core/6.1.5.Final/hibernate-core-6.1.5.Final.jar:/home/mahzad/.m2/repository/jakarta/persistence/jakarta.persistence-api/3.0.0/jakarta.persistence-api-3.0.0.jar:/home/mahzad/.m2/repository/jakarta/transaction/jakarta.transaction-api/2.0.0/jakarta.transaction-api-2.0.0.jar:/home/mahzad/.m2/repository/org/jboss/logging/jboss-logging/3.4.3.Final/jboss-logging-3.4.3.Final.jar:/home/mahzad/.m2/repository/org/hibernate/common/hibernate-commons-annotations/6.0.2.Final/hibernate-commons-annotations-6.0.2.Final.jar:/home/mahzad/.m2/repository/org/jboss/jandex/2.4.2.Final/jandex-2.4.2.Final.jar:/home/mahzad/.m2/repository/com/fasterxml/classmate/1.5.1/classmate-1.5.1.jar:/home/mahzad/.m2/repository/net/bytebuddy/byte-buddy/1.12.18/byte-buddy-1.12.18.jar:/home/mahzad/.m2/repository/jakarta/xml/bind/jakarta.xml.bind-api/3.0.1/jakarta.xml.bind-api-3.0.1.jar:/home/mahzad/.m2/repository/com/sun/activation/jakarta.activation/2.0.1/jakarta.activation-2.0.1.jar:/home/mahzad/.m2/repository/org/glassfish/jaxb/jaxb-runtime/3.0.2/jaxb-runtime-3.0.2.jar:/home/mahzad/.m2/repository/org/glassfish/jaxb/jaxb-core/3.0.2/jaxb-core-3.0.2.jar:/home/mahzad/.m2/repository/org/glassfish/jaxb/txw2/3.0.2/txw2-3.0.2.jar:/home/mahzad/.m2/repository/com/sun/istack/istack-commons-runtime/4.0.1/istack-commons-runtime-4.0.1.jar:/home/mahzad/.m2/repository/jakarta/inject/jakarta.inject-api/2.0.0/jakarta.inject-api-2.0.0.jar:/home/mahzad/.m2/repository/org/antlr/antlr4-runtime/4.10.1/antlr4-runtime-4.10.1.jar:/home/mahzad/.m2/repository/ch/qos/logback/logback-classic/1.4.4/logback-classic-1.4.4.jar:/home/mahzad/.m2/repository/ch/qos/logback/logback-core/1.4.4/logback-core-1.4.4.jar:/home/mahzad/.m2/repository/org/slf4j/slf4j-api/2.0.1/slf4j-api-2.0.1.jar:"/>
    <property name="sun.cpu.endian" value="little"/>
    <property name="user.home" value="/home/mahzad"/>
    <property name="user.language" value="en"/>
    <property name="java.specification.vendor" value="Oracle Corporation"/>
    <property name="java.version.date" value="2022-01-18"/>
    <property name="java.home" value="/opt/jdk-17.0.2"/>
    <property name="file.separator" value="/"/>
    <property name="basedir" value="/home/mahzad/Downloads/usermanagement_33a41617-7a9c-4472-8f70-6664aa31b2e5/usermanagement"/>
    <property name="java.vm.compressedOopsMode" value="Zero based"/>
    <property name="line.separator" value="&#10;"/>
    <property name="java.vm.specification.vendor" value="Oracle Corporation"/>
    <property name="java.specification.name" value="Java Platform API Specification"/>
    <property name="surefire.real.class.path" value="/home/mahzad/Downloads/usermanagement_33a41617-7a9c-4472-8f70-6664aa31b2e5/usermanagement/target/surefire/surefirebooter16052016420625044247.jar"/>
    <property name="sun.management.compiler" value="HotSpot 64-Bit Tiered Compilers"/>
    <property name="java.runtime.version" value="17.0.2+8-86"/>
    <property name="user.name" value="mahzad"/>
    <property name="path.separator" value=":"/>
    <property name="os.version" value="5.15.0-52-generic"/>
    <property name="java.runtime.name" value="OpenJDK Runtime Environment"/>
    <property name="file.encoding" value="UTF-8"/>
    <property name="java.vm.name" value="OpenJDK 64-Bit Server VM"/>
    <property name="localRepository" value="/home/mahzad/.m2/repository"/>
    <property name="java.vendor.url.bug" value="https://bugreport.java.com/bugreport/"/>
    <property name="java.io.tmpdir" value="/tmp"/>
    <property name="idea.version" value="2022.1"/>
    <property name="java.version" value="17.0.2"/>
    <property name="user.dir" value="/home/mahzad/Downloads/usermanagement_33a41617-7a9c-4472-8f70-6664aa31b2e5/usermanagement"/>
    <property name="os.arch" value="amd64"/>
    <property name="java.vm.specification.name" value="Java Virtual Machine Specification"/>
    <property name="native.encoding" value="UTF-8"/>
    <property name="java.library.path" value="/usr/java/packages/lib:/usr/lib64:/lib64:/lib:/usr/lib"/>
    <property name="java.vm.info" value="mixed mode, sharing"/>
    <property name="java.vendor" value="Oracle Corporation"/>
    <property name="java.vm.version" value="17.0.2+8-86"/>
    <property name="sun.io.unicode.encoding" value="UnicodeLittle"/>
    <property name="java.class.version" value="61.0"/>
  </properties>
  <testcase name="shouldAnswerWithTrue" classname="com.digipay.AppTest" time="0.002"/>
</testsuite>